{"/Users/Prishal/Library/Mobile Documents/com~apple~CloudDocs/Gebru/quizzicle/client/src/store.js": {"path":"/Users/Prishal/Library/Mobile Documents/com~apple~CloudDocs/Gebru/quizzicle/client/src/store.js","statementMap":{},"fnMap":{},"branchMap":{},"s":{},"f":{},"b":{},"_coverageSchema":"1a1c01bbd47fc00a2c39e90264f33305004495a9","hash":"9ec5fdcc0da047eb88590ade9339cc6d159c800d"}
,"/Users/Prishal/Library/Mobile Documents/com~apple~CloudDocs/Gebru/quizzicle/client/src/Pages/BeforeYouStartPage/index.js": {"path":"/Users/Prishal/Library/Mobile Documents/com~apple~CloudDocs/Gebru/quizzicle/client/src/Pages/BeforeYouStartPage/index.js","statementMap":{"0":{"start":{"line":5,"column":31},"end":{"line":13,"column":1}},"1":{"start":{"line":6,"column":19},"end":{"line":6,"column":32}},"2":{"start":{"line":8,"column":2},"end":{"line":12,"column":4}},"3":{"start":{"line":15,"column":27},"end":{"line":52,"column":1}},"4":{"start":{"line":16,"column":19},"end":{"line":16,"column":32}},"5":{"start":{"line":17,"column":2},"end":{"line":51,"column":4}},"6":{"start":{"line":44,"column":25},"end":{"line":44,"column":46}}},"fnMap":{"0":{"name":"(anonymous_0)","decl":{"start":{"line":5,"column":31},"end":{"line":5,"column":32}},"loc":{"start":{"line":5,"column":37},"end":{"line":13,"column":1}},"line":5},"1":{"name":"(anonymous_1)","decl":{"start":{"line":15,"column":27},"end":{"line":15,"column":28}},"loc":{"start":{"line":15,"column":33},"end":{"line":52,"column":1}},"line":15},"2":{"name":"(anonymous_2)","decl":{"start":{"line":44,"column":19},"end":{"line":44,"column":20}},"loc":{"start":{"line":44,"column":25},"end":{"line":44,"column":46}},"line":44}},"branchMap":{},"s":{"0":1,"1":3,"2":3,"3":1,"4":4,"5":3,"6":1},"f":{"0":3,"1":4,"2":1},"b":{},"_coverageSchema":"1a1c01bbd47fc00a2c39e90264f33305004495a9","hash":"476ac365f7c93389510c8528c863165f5ac52d47"}
,"/Users/Prishal/Library/Mobile Documents/com~apple~CloudDocs/Gebru/quizzicle/client/src/Pages/LandingPage/index.js": {"path":"/Users/Prishal/Library/Mobile Documents/com~apple~CloudDocs/Gebru/quizzicle/client/src/Pages/LandingPage/index.js","statementMap":{"0":{"start":{"line":5,"column":31},"end":{"line":13,"column":1}},"1":{"start":{"line":6,"column":19},"end":{"line":6,"column":32}},"2":{"start":{"line":8,"column":2},"end":{"line":12,"column":4}},"3":{"start":{"line":15,"column":20},"end":{"line":53,"column":1}},"4":{"start":{"line":17,"column":19},"end":{"line":17,"column":32}},"5":{"start":{"line":19,"column":2},"end":{"line":52,"column":4}},"6":{"start":{"line":36,"column":27},"end":{"line":36,"column":45}},"7":{"start":{"line":43,"column":27},"end":{"line":43,"column":45}}},"fnMap":{"0":{"name":"(anonymous_0)","decl":{"start":{"line":5,"column":31},"end":{"line":5,"column":32}},"loc":{"start":{"line":5,"column":37},"end":{"line":13,"column":1}},"line":5},"1":{"name":"(anonymous_1)","decl":{"start":{"line":15,"column":20},"end":{"line":15,"column":21}},"loc":{"start":{"line":15,"column":26},"end":{"line":53,"column":1}},"line":15},"2":{"name":"(anonymous_2)","decl":{"start":{"line":36,"column":21},"end":{"line":36,"column":22}},"loc":{"start":{"line":36,"column":27},"end":{"line":36,"column":45}},"line":36},"3":{"name":"(anonymous_3)","decl":{"start":{"line":43,"column":21},"end":{"line":43,"column":22}},"loc":{"start":{"line":43,"column":27},"end":{"line":43,"column":45}},"line":43}},"branchMap":{},"s":{"0":1,"1":7,"2":6,"3":1,"4":7,"5":6,"6":1,"7":1},"f":{"0":7,"1":7,"2":1,"3":1},"b":{},"_coverageSchema":"1a1c01bbd47fc00a2c39e90264f33305004495a9","hash":"039472510ed892c6aa6078996b705f693f89446c"}
,"/Users/Prishal/Library/Mobile Documents/com~apple~CloudDocs/Gebru/quizzicle/client/src/Pages/ResultsPage/index.js": {"path":"/Users/Prishal/Library/Mobile Documents/com~apple~CloudDocs/Gebru/quizzicle/client/src/Pages/ResultsPage/index.js","statementMap":{"0":{"start":{"line":5,"column":31},"end":{"line":13,"column":1}},"1":{"start":{"line":6,"column":19},"end":{"line":6,"column":32}},"2":{"start":{"line":8,"column":2},"end":{"line":12,"column":4}},"3":{"start":{"line":15,"column":20},"end":{"line":77,"column":1}},"4":{"start":{"line":16,"column":19},"end":{"line":16,"column":32}},"5":{"start":{"line":17,"column":2},"end":{"line":76,"column":4}},"6":{"start":{"line":67,"column":29},"end":{"line":67,"column":50}}},"fnMap":{"0":{"name":"(anonymous_0)","decl":{"start":{"line":5,"column":31},"end":{"line":5,"column":32}},"loc":{"start":{"line":5,"column":37},"end":{"line":13,"column":1}},"line":5},"1":{"name":"(anonymous_1)","decl":{"start":{"line":15,"column":20},"end":{"line":15,"column":21}},"loc":{"start":{"line":15,"column":26},"end":{"line":77,"column":1}},"line":15},"2":{"name":"(anonymous_2)","decl":{"start":{"line":67,"column":23},"end":{"line":67,"column":24}},"loc":{"start":{"line":67,"column":29},"end":{"line":67,"column":50}},"line":67}},"branchMap":{},"s":{"0":1,"1":3,"2":3,"3":1,"4":4,"5":3,"6":1},"f":{"0":3,"1":4,"2":1},"b":{},"_coverageSchema":"1a1c01bbd47fc00a2c39e90264f33305004495a9","hash":"1416c79ce71b9582c93c3ad7f97a55635a0c25c3"}
,"/Users/Prishal/Library/Mobile Documents/com~apple~CloudDocs/Gebru/quizzicle/client/src/components/index.js": {"path":"/Users/Prishal/Library/Mobile Documents/com~apple~CloudDocs/Gebru/quizzicle/client/src/components/index.js","statementMap":{},"fnMap":{},"branchMap":{},"s":{},"f":{},"b":{},"_coverageSchema":"1a1c01bbd47fc00a2c39e90264f33305004495a9","hash":"4f86c394a9ea15718362082f2d6ca046962d4e91"}
,"/Users/Prishal/Library/Mobile Documents/com~apple~CloudDocs/Gebru/quizzicle/client/src/components/Categories/index.js": {"path":"/Users/Prishal/Library/Mobile Documents/com~apple~CloudDocs/Gebru/quizzicle/client/src/components/Categories/index.js","statementMap":{"0":{"start":{"line":14,"column":19},"end":{"line":63,"column":1}},"1":{"start":{"line":15,"column":20},"end":{"line":15,"column":25}},"2":{"start":{"line":16,"column":19},"end":{"line":16,"column":32}},"3":{"start":{"line":18,"column":28},"end":{"line":18,"column":40}},"4":{"start":{"line":20,"column":23},"end":{"line":20,"column":31}},"5":{"start":{"line":22,"column":24},"end":{"line":22,"column":47}},"6":{"start":{"line":23,"column":25},"end":{"line":23,"column":72}},"7":{"start":{"line":23,"column":48},"end":{"line":23,"column":71}},"8":{"start":{"line":25,"column":2},"end":{"line":29,"column":33}},"9":{"start":{"line":26,"column":4},"end":{"line":28,"column":5}},"10":{"start":{"line":27,"column":6},"end":{"line":27,"column":34}},"11":{"start":{"line":31,"column":2},"end":{"line":31,"column":29}},"12":{"start":{"line":35,"column":2},"end":{"line":41,"column":3}},"13":{"start":{"line":36,"column":4},"end":{"line":40,"column":6}},"14":{"start":{"line":43,"column":2},"end":{"line":49,"column":3}},"15":{"start":{"line":44,"column":4},"end":{"line":48,"column":6}},"16":{"start":{"line":51,"column":2},"end":{"line":62,"column":4}},"17":{"start":{"line":57,"column":12},"end":{"line":57,"column":48}}},"fnMap":{"0":{"name":"(anonymous_0)","decl":{"start":{"line":14,"column":19},"end":{"line":14,"column":20}},"loc":{"start":{"line":14,"column":30},"end":{"line":63,"column":1}},"line":14},"1":{"name":"(anonymous_1)","decl":{"start":{"line":20,"column":23},"end":{"line":20,"column":24}},"loc":{"start":{"line":20,"column":29},"end":{"line":20,"column":31}},"line":20},"2":{"name":"(anonymous_2)","decl":{"start":{"line":23,"column":37},"end":{"line":23,"column":38}},"loc":{"start":{"line":23,"column":48},"end":{"line":23,"column":71}},"line":23},"3":{"name":"(anonymous_3)","decl":{"start":{"line":25,"column":12},"end":{"line":25,"column":13}},"loc":{"start":{"line":25,"column":18},"end":{"line":29,"column":3}},"line":25},"4":{"name":"(anonymous_4)","decl":{"start":{"line":56,"column":29},"end":{"line":56,"column":30}},"loc":{"start":{"line":57,"column":12},"end":{"line":57,"column":48}},"line":57}},"branchMap":{"0":{"loc":{"start":{"line":26,"column":4},"end":{"line":28,"column":5}},"type":"if","locations":[{"start":{"line":26,"column":4},"end":{"line":28,"column":5}},{"start":{},"end":{}}],"line":26},"1":{"loc":{"start":{"line":35,"column":2},"end":{"line":41,"column":3}},"type":"if","locations":[{"start":{"line":35,"column":2},"end":{"line":41,"column":3}},{"start":{},"end":{}}],"line":35},"2":{"loc":{"start":{"line":43,"column":2},"end":{"line":49,"column":3}},"type":"if","locations":[{"start":{"line":43,"column":2},"end":{"line":49,"column":3}},{"start":{},"end":{}}],"line":43}},"s":{"0":4,"1":2,"2":2,"3":2,"4":2,"5":2,"6":2,"7":3,"8":2,"9":2,"10":1,"11":2,"12":2,"13":1,"14":1,"15":0,"16":1,"17":0},"f":{"0":2,"1":0,"2":3,"3":2,"4":0},"b":{"0":[1,1],"1":[1,1],"2":[0,1]},"_coverageSchema":"1a1c01bbd47fc00a2c39e90264f33305004495a9","hash":"221770e0f04ba5885f2957524a1cc41beb681a74"}
,"/Users/Prishal/Library/Mobile Documents/com~apple~CloudDocs/Gebru/quizzicle/client/src/components/Footer/index.js": {"path":"/Users/Prishal/Library/Mobile Documents/com~apple~CloudDocs/Gebru/quizzicle/client/src/components/Footer/index.js","statementMap":{"0":{"start":{"line":3,"column":15},"end":{"line":25,"column":1}},"1":{"start":{"line":4,"column":2},"end":{"line":24,"column":4}}},"fnMap":{"0":{"name":"(anonymous_0)","decl":{"start":{"line":3,"column":15},"end":{"line":3,"column":16}},"loc":{"start":{"line":3,"column":21},"end":{"line":25,"column":1}},"line":3}},"branchMap":{},"s":{"0":4,"1":7},"f":{"0":7},"b":{},"_coverageSchema":"1a1c01bbd47fc00a2c39e90264f33305004495a9","hash":"ce2f05f12ccfc392848f678a1feb3802f7dc8c7a"}
,"/Users/Prishal/Library/Mobile Documents/com~apple~CloudDocs/Gebru/quizzicle/client/src/components/Navbar/index.js": {"path":"/Users/Prishal/Library/Mobile Documents/com~apple~CloudDocs/Gebru/quizzicle/client/src/components/Navbar/index.js","statementMap":{"0":{"start":{"line":4,"column":31},"end":{"line":12,"column":1}},"1":{"start":{"line":5,"column":19},"end":{"line":5,"column":32}},"2":{"start":{"line":7,"column":2},"end":{"line":11,"column":4}},"3":{"start":{"line":14,"column":15},"end":{"line":28,"column":1}},"4":{"start":{"line":15,"column":2},"end":{"line":27,"column":4}}},"fnMap":{"0":{"name":"(anonymous_0)","decl":{"start":{"line":4,"column":31},"end":{"line":4,"column":32}},"loc":{"start":{"line":4,"column":37},"end":{"line":12,"column":1}},"line":4},"1":{"name":"(anonymous_1)","decl":{"start":{"line":14,"column":15},"end":{"line":14,"column":16}},"loc":{"start":{"line":14,"column":21},"end":{"line":28,"column":1}},"line":14}},"branchMap":{},"s":{"0":4,"1":11,"2":8,"3":4,"4":11},"f":{"0":11,"1":11},"b":{},"_coverageSchema":"1a1c01bbd47fc00a2c39e90264f33305004495a9","hash":"483a0bc14a5f0757136f876f1207affa1641c007"}
,"/Users/Prishal/Library/Mobile Documents/com~apple~CloudDocs/Gebru/quizzicle/client/src/components/Results/index.js": {"path":"/Users/Prishal/Library/Mobile Documents/com~apple~CloudDocs/Gebru/quizzicle/client/src/components/Results/index.js","statementMap":{"0":{"start":{"line":11,"column":2},"end":{"line":21,"column":4}}},"fnMap":{"0":{"name":"(anonymous_0)","decl":{"start":{"line":4,"column":15},"end":{"line":4,"column":16}},"loc":{"start":{"line":4,"column":37},"end":{"line":22,"column":1}},"line":4}},"branchMap":{},"s":{"0":0},"f":{"0":0},"b":{},"_coverageSchema":"1a1c01bbd47fc00a2c39e90264f33305004495a9","hash":"0218f68587a826ce2cc68793902fec72e89d62da"}
,"/Users/Prishal/Library/Mobile Documents/com~apple~CloudDocs/Gebru/quizzicle/client/src/components/TextField/index.js": {"path":"/Users/Prishal/Library/Mobile Documents/com~apple~CloudDocs/Gebru/quizzicle/client/src/components/TextField/index.js","statementMap":{"0":{"start":{"line":5,"column":22},"end":{"line":22,"column":1}},"1":{"start":{"line":7,"column":25},"end":{"line":7,"column":35}},"2":{"start":{"line":9,"column":4},"end":{"line":21,"column":5}}},"fnMap":{"0":{"name":"(anonymous_0)","decl":{"start":{"line":5,"column":22},"end":{"line":5,"column":23}},"loc":{"start":{"line":5,"column":28},"end":{"line":22,"column":1}},"line":5},"1":{"name":"(anonymous_1)","decl":{"start":{"line":7,"column":25},"end":{"line":7,"column":26}},"loc":{"start":{"line":7,"column":31},"end":{"line":7,"column":35}},"line":7}},"branchMap":{},"s":{"0":4,"1":1,"2":1},"f":{"0":1,"1":0},"b":{},"_coverageSchema":"1a1c01bbd47fc00a2c39e90264f33305004495a9","hash":"34eae26c59dd1e8401b0c3030cd47747565c4591"}
,"/Users/Prishal/Library/Mobile Documents/com~apple~CloudDocs/Gebru/quizzicle/client/src/reducers/categoriesSlice.js": {"path":"/Users/Prishal/Library/Mobile Documents/com~apple~CloudDocs/Gebru/quizzicle/client/src/reducers/categoriesSlice.js","statementMap":{"0":{"start":{"line":4,"column":31},"end":{"line":10,"column":1}},"1":{"start":{"line":7,"column":16},"end":{"line":7,"column":37}},"2":{"start":{"line":8,"column":4},"end":{"line":8,"column":15}},"3":{"start":{"line":12,"column":31},"end":{"line":33,"column":2}},"4":{"start":{"line":22,"column":6},"end":{"line":22,"column":31}},"5":{"start":{"line":25,"column":6},"end":{"line":25,"column":33}},"6":{"start":{"line":26,"column":6},"end":{"line":26,"column":65}},"7":{"start":{"line":29,"column":6},"end":{"line":29,"column":30}},"8":{"start":{"line":30,"column":6},"end":{"line":30,"column":41}},"9":{"start":{"line":35,"column":26},"end":{"line":35,"column":62}},"10":{"start":{"line":35,"column":35},"end":{"line":35,"column":62}}},"fnMap":{"0":{"name":"(anonymous_0)","decl":{"start":{"line":6,"column":2},"end":{"line":6,"column":3}},"loc":{"start":{"line":6,"column":14},"end":{"line":9,"column":3}},"line":6},"1":{"name":"(anonymous_1)","decl":{"start":{"line":21,"column":31},"end":{"line":21,"column":32}},"loc":{"start":{"line":21,"column":50},"end":{"line":23,"column":5}},"line":21},"2":{"name":"(anonymous_2)","decl":{"start":{"line":24,"column":33},"end":{"line":24,"column":34}},"loc":{"start":{"line":24,"column":52},"end":{"line":27,"column":5}},"line":24},"3":{"name":"(anonymous_3)","decl":{"start":{"line":28,"column":32},"end":{"line":28,"column":33}},"loc":{"start":{"line":28,"column":51},"end":{"line":31,"column":5}},"line":28},"4":{"name":"(anonymous_4)","decl":{"start":{"line":35,"column":26},"end":{"line":35,"column":27}},"loc":{"start":{"line":35,"column":35},"end":{"line":35,"column":62}},"line":35}},"branchMap":{},"s":{"0":4,"1":1,"2":0,"3":4,"4":1,"5":0,"6":0,"7":0,"8":0,"9":4,"10":4},"f":{"0":1,"1":1,"2":0,"3":0,"4":4},"b":{},"_coverageSchema":"1a1c01bbd47fc00a2c39e90264f33305004495a9","hash":"a57c197a72ca520ea6cdbf5ce41e06e5c725c3e2"}
,"/Users/Prishal/Library/Mobile Documents/com~apple~CloudDocs/Gebru/quizzicle/client/src/reducers/gameSlice.js": {"path":"/Users/Prishal/Library/Mobile Documents/com~apple~CloudDocs/Gebru/quizzicle/client/src/reducers/gameSlice.js","statementMap":{"0":{"start":{"line":3,"column":27},"end":{"line":5,"column":2}},"1":{"start":{"line":4,"column":2},"end":{"line":4,"column":12}},"2":{"start":{"line":7,"column":25},"end":{"line":64,"column":2}},"3":{"start":{"line":24,"column":6},"end":{"line":24,"column":28}},"4":{"start":{"line":27,"column":6},"end":{"line":27,"column":43}},"5":{"start":{"line":30,"column":6},"end":{"line":30,"column":31}},"6":{"start":{"line":33,"column":6},"end":{"line":33,"column":41}},"7":{"start":{"line":36,"column":6},"end":{"line":36,"column":41}},"8":{"start":{"line":39,"column":6},"end":{"line":39,"column":40}},"9":{"start":{"line":42,"column":6},"end":{"line":42,"column":41}},"10":{"start":{"line":45,"column":6},"end":{"line":45,"column":48}},"11":{"start":{"line":53,"column":6},"end":{"line":53,"column":31}},"12":{"start":{"line":56,"column":6},"end":{"line":56,"column":33}},"13":{"start":{"line":57,"column":6},"end":{"line":57,"column":32}},"14":{"start":{"line":60,"column":6},"end":{"line":60,"column":30}},"15":{"start":{"line":61,"column":6},"end":{"line":61,"column":41}},"16":{"start":{"line":75,"column":4},"end":{"line":75,"column":21}},"17":{"start":{"line":77,"column":26},"end":{"line":77,"column":56}},"18":{"start":{"line":77,"column":35},"end":{"line":77,"column":56}},"19":{"start":{"line":78,"column":29},"end":{"line":78,"column":62}},"20":{"start":{"line":78,"column":38},"end":{"line":78,"column":62}},"21":{"start":{"line":79,"column":22},"end":{"line":79,"column":44}},"22":{"start":{"line":79,"column":31},"end":{"line":79,"column":44}},"23":{"start":{"line":80,"column":22},"end":{"line":80,"column":48}},"24":{"start":{"line":80,"column":31},"end":{"line":80,"column":48}}},"fnMap":{"0":{"name":"(anonymous_0)","decl":{"start":{"line":3,"column":64},"end":{"line":3,"column":65}},"loc":{"start":{"line":3,"column":76},"end":{"line":5,"column":1}},"line":3},"1":{"name":"(anonymous_1)","decl":{"start":{"line":23,"column":20},"end":{"line":23,"column":21}},"loc":{"start":{"line":23,"column":39},"end":{"line":25,"column":5}},"line":23},"2":{"name":"(anonymous_2)","decl":{"start":{"line":26,"column":22},"end":{"line":26,"column":23}},"loc":{"start":{"line":26,"column":41},"end":{"line":28,"column":5}},"line":26},"3":{"name":"(anonymous_3)","decl":{"start":{"line":29,"column":23},"end":{"line":29,"column":24}},"loc":{"start":{"line":29,"column":42},"end":{"line":31,"column":5}},"line":29},"4":{"name":"(anonymous_4)","decl":{"start":{"line":32,"column":15},"end":{"line":32,"column":16}},"loc":{"start":{"line":32,"column":34},"end":{"line":34,"column":5}},"line":32},"5":{"name":"(anonymous_5)","decl":{"start":{"line":35,"column":20},"end":{"line":35,"column":21}},"loc":{"start":{"line":35,"column":39},"end":{"line":37,"column":5}},"line":35},"6":{"name":"(anonymous_6)","decl":{"start":{"line":38,"column":19},"end":{"line":38,"column":20}},"loc":{"start":{"line":38,"column":38},"end":{"line":40,"column":5}},"line":38},"7":{"name":"(anonymous_7)","decl":{"start":{"line":41,"column":15},"end":{"line":41,"column":16}},"loc":{"start":{"line":41,"column":34},"end":{"line":43,"column":5}},"line":41},"8":{"name":"(anonymous_8)","decl":{"start":{"line":44,"column":25},"end":{"line":44,"column":26}},"loc":{"start":{"line":44,"column":44},"end":{"line":46,"column":5}},"line":44},"9":{"name":"(anonymous_9)","decl":{"start":{"line":52,"column":27},"end":{"line":52,"column":28}},"loc":{"start":{"line":52,"column":46},"end":{"line":54,"column":5}},"line":52},"10":{"name":"(anonymous_10)","decl":{"start":{"line":55,"column":29},"end":{"line":55,"column":30}},"loc":{"start":{"line":55,"column":48},"end":{"line":58,"column":5}},"line":55},"11":{"name":"(anonymous_11)","decl":{"start":{"line":59,"column":28},"end":{"line":59,"column":29}},"loc":{"start":{"line":59,"column":47},"end":{"line":62,"column":5}},"line":59},"12":{"name":"(anonymous_12)","decl":{"start":{"line":77,"column":26},"end":{"line":77,"column":27}},"loc":{"start":{"line":77,"column":35},"end":{"line":77,"column":56}},"line":77},"13":{"name":"(anonymous_13)","decl":{"start":{"line":78,"column":29},"end":{"line":78,"column":30}},"loc":{"start":{"line":78,"column":38},"end":{"line":78,"column":62}},"line":78},"14":{"name":"(anonymous_14)","decl":{"start":{"line":79,"column":22},"end":{"line":79,"column":23}},"loc":{"start":{"line":79,"column":31},"end":{"line":79,"column":44}},"line":79},"15":{"name":"(anonymous_15)","decl":{"start":{"line":80,"column":22},"end":{"line":80,"column":23}},"loc":{"start":{"line":80,"column":31},"end":{"line":80,"column":48}},"line":80}},"branchMap":{},"s":{"0":1,"1":0,"2":1,"3":0,"4":0,"5":0,"6":0,"7":0,"8":0,"9":0,"10":0,"11":0,"12":0,"13":0,"14":0,"15":0,"16":1,"17":1,"18":0,"19":1,"20":0,"21":1,"22":0,"23":1,"24":0},"f":{"0":0,"1":0,"2":0,"3":0,"4":0,"5":0,"6":0,"7":0,"8":0,"9":0,"10":0,"11":0,"12":0,"13":0,"14":0,"15":0},"b":{},"_coverageSchema":"1a1c01bbd47fc00a2c39e90264f33305004495a9","hash":"b1c6233744b9656f0061267e83cbd7e8e9d91c9e"}
,"/Users/Prishal/Library/Mobile Documents/com~apple~CloudDocs/Gebru/quizzicle/client/src/reducers/questionsSlice.js": {"path":"/Users/Prishal/Library/Mobile Documents/com~apple~CloudDocs/Gebru/quizzicle/client/src/reducers/questionsSlice.js","statementMap":{"0":{"start":{"line":3,"column":30},"end":{"line":21,"column":2}},"1":{"start":{"line":12,"column":6},"end":{"line":12,"column":38}},"2":{"start":{"line":15,"column":6},"end":{"line":15,"column":37}},"3":{"start":{"line":18,"column":6},"end":{"line":18,"column":43}},"4":{"start":{"line":27,"column":4},"end":{"line":27,"column":26}},"5":{"start":{"line":29,"column":31},"end":{"line":29,"column":64}},"6":{"start":{"line":29,"column":40},"end":{"line":29,"column":64}},"7":{"start":{"line":30,"column":26},"end":{"line":30,"column":58}},"8":{"start":{"line":30,"column":35},"end":{"line":30,"column":58}},"9":{"start":{"line":31,"column":26},"end":{"line":31,"column":64}},"10":{"start":{"line":31,"column":35},"end":{"line":31,"column":64}}},"fnMap":{"0":{"name":"(anonymous_0)","decl":{"start":{"line":11,"column":17},"end":{"line":11,"column":18}},"loc":{"start":{"line":11,"column":36},"end":{"line":13,"column":5}},"line":11},"1":{"name":"(anonymous_1)","decl":{"start":{"line":14,"column":16},"end":{"line":14,"column":17}},"loc":{"start":{"line":14,"column":35},"end":{"line":16,"column":5}},"line":14},"2":{"name":"(anonymous_2)","decl":{"start":{"line":17,"column":22},"end":{"line":17,"column":23}},"loc":{"start":{"line":17,"column":41},"end":{"line":19,"column":5}},"line":17},"3":{"name":"(anonymous_3)","decl":{"start":{"line":29,"column":31},"end":{"line":29,"column":32}},"loc":{"start":{"line":29,"column":40},"end":{"line":29,"column":64}},"line":29},"4":{"name":"(anonymous_4)","decl":{"start":{"line":30,"column":26},"end":{"line":30,"column":27}},"loc":{"start":{"line":30,"column":35},"end":{"line":30,"column":58}},"line":30},"5":{"name":"(anonymous_5)","decl":{"start":{"line":31,"column":26},"end":{"line":31,"column":27}},"loc":{"start":{"line":31,"column":35},"end":{"line":31,"column":64}},"line":31}},"branchMap":{},"s":{"0":1,"1":0,"2":0,"3":0,"4":1,"5":1,"6":0,"7":1,"8":0,"9":1,"10":0},"f":{"0":0,"1":0,"2":0,"3":0,"4":0,"5":0},"b":{},"_coverageSchema":"1a1c01bbd47fc00a2c39e90264f33305004495a9","hash":"3389b67208a9a85f56cdc7366afa51720f9154dc"}
}
